baseline TRUE U= 896.8 Q= 0.767 Fatal= 61.0
baseline TRUE-C U= 1377.6 Q= 0.799 Fatal= 60.7
baseline TRUE-E U= 779.2 Q= 0.765 Fatal= 61.0
baseline TRUE-N U= 1326.0 Q= 0.798 Fatal= 60.5
baseline Blind U= -23753.6 Q= 0.343 Fatal= 208.2
baseline TTB U= 174.8 Q= 0.764 Fatal= 64.7
baseline MOO U= -547.4 Q= 0.769 Fatal= 69.2
safety_critical TRUE U= -3079.0 Q= 0.797 Fatal= 40.4
safety_critical TRUE-C U= -1918.0 Q= 0.831 Fatal= 39.1
safety_critical TRUE-E U= -2895.4 Q= 0.799 Fatal= 39.8
safety_critical TRUE-N U= -1590.6 Q= 0.830 Fatal= 38.5
safety_critical Blind U= -53661.6 Q= 0.347 Fatal= 213.7
safety_critical TTB U= -5326.2 Q= 0.789 Fatal= 45.9
safety_critical MOO U= -5473.4 Q= 0.796 Fatal= 47.1
utility_trust_misalignment TRUE U= 2345.4 Q= 0.749 Fatal= 56.1
utility_trust_misalignment TRUE-C U= 2954.1 Q= 0.782 Fatal= 55.6
utility_trust_misalignment TRUE-E U= 2473.9 Q= 0.748 Fatal= 54.9
utility_trust_misalignment TRUE-N U= 3332.8 Q= 0.784 Fatal= 54.2
utility_trust_misalignment Blind U= -21939.2 Q= 0.335 Fatal= 206.9
utility_trust_misalignment TTB U= 934.2 Q= 0.741 Fatal= 62.4
utility_trust_misalignment MOO U= 1442.8 Q= 0.751 Fatal= 62.3
observation_manipulated TRUE U= 2342.4 Q= 0.772 Fatal= 50.4
observation_manipulated TRUE-C U= 2600.4 Q= 0.806 Fatal= 51.1
observation_manipulated TRUE-E U= 2111.2 Q= 0.769 Fatal= 51.8
observation_manipulated TRUE-N U= 2894.0 Q= 0.810 Fatal= 50.5
observation_manipulated Blind U= -25392.8 Q= 0.336 Fatal= 198.6
observation_manipulated TTB U= 359.6 Q= 0.754 Fatal= 58.4
observation_manipulated MOO U= -856.8 Q= 0.753 Fatal= 65.9
Wrote outputs to /mnt/cpfs/renpeiran/ai4e/TRUE/data/p01_results
